"Time","Message","Severity"
"11/9/2022 8:46 AM","Cannot create [C:\Users\Administrator.VIAMONSTRA\Documents\SAPIEN\PowerShell Studio\Projects\Personec P Upgrade Support Tool\PUST.XML] because a file with that name already exists.","Warning"
2022/11/14 21:31:01 INFO Logged on user: VIAMONSTRA\administrator
2022/11/14 21:31:01 INFO VIAMONSTRA\administrator exists in the group and have right to start applikation
2022/11/14 21:31:01 INFO Backupfolder exist
2022/11/14 21:31:02 INFO Cannot create PUST.XML because it already exists.
2022/12/06 16:23:57 INFO Cannot create PUST.XML because it already exists.
2022/12/06 16:23:57 INFO Logged on user: VIAMONSTRA\administrator
2022/12/06 16:23:58 INFO VIAMONSTRA\administrator exists in the group and have right to start applikation
2022/12/06 16:23:58 INFO Backupfolder exist
2022/12/06 19:02:01 INFO Cannot create PUST.XML because it already exists.
2022/12/06 19:02:01 INFO Logged on user: VIAMONSTRA\administrator
2022/12/06 19:02:01 INFO VIAMONSTRA\administrator exists in the group and have right to start applikation
2022/12/06 19:02:01 INFO Backupfolder exist
2022/12/13 21:45:17 INFO Cannot create PUST.XML because it already exists.
2022/12/13 21:45:17 INFO Logged on user: VIAMONSTRA\administrator
2022/12/13 21:45:17 INFO VIAMONSTRA\administrator exists in the group and have right to start applikation
2022/12/13 21:45:17 INFO Backupfolder exist
2022/12/13 21:52:42 INFO Cannot create PUST.XML because it already exists.
2022/12/13 21:52:43 INFO Logged on user: VIAMONSTRA\administrator
2022/12/13 21:52:43 INFO VIAMONSTRA\administrator exists in the group and have right to start applikation
2022/12/13 21:52:43 INFO Backupfolder exist
2022/12/13 21:53:44 INFO Cannot create PUST.XML because it already exists.
2022/12/13 21:53:44 INFO Logged on user: VIAMONSTRA\administrator
2022/12/13 21:53:44 INFO VIAMONSTRA\administrator exists in the group and have right to start applikation
2022/12/13 21:53:44 INFO Backupfolder exist
2022/12/13 21:58:08 INFO Cannot create PUST.XML because it already exists.
2022/12/13 21:58:08 INFO Logged on user: VIAMONSTRA\administrator
2022/12/13 21:58:08 INFO VIAMONSTRA\administrator exists in the group and have right to start applikation
2022/12/13 21:58:08 INFO Backupfolder exist
2022/12/13 22:00:38 INFO Cannot create PUST.XML because it already exists.
2022/12/13 22:00:38 INFO Logged on user: VIAMONSTRA\administrator
2022/12/13 22:00:38 INFO VIAMONSTRA\administrator exists in the group and have right to start applikation
2022/12/13 22:00:38 INFO Backupfolder exist
2022/12/13 22:01:05 INFO Cannot create PUST.XML because it already exists.
2022/12/13 22:01:05 INFO Logged on user: VIAMONSTRA\administrator
2022/12/13 22:01:05 INFO VIAMONSTRA\administrator exists in the group and have right to start applikation
2022/12/13 22:01:05 INFO Backupfolder exist
2022/12/13 22:02:05 INFO Cannot create PUST.XML because it already exists.
2022/12/13 22:02:05 INFO Logged on user: VIAMONSTRA\administrator
2022/12/13 22:02:05 INFO VIAMONSTRA\administrator exists in the group and have right to start applikation
2022/12/13 22:02:05 INFO Backupfolder exist
2022/12/13 22:10:18 INFO Cannot create PUST.XML because it already exists.
2022/12/13 22:10:18 INFO Logged on user: VIAMONSTRA\administrator
2022/12/13 22:10:18 INFO VIAMONSTRA\administrator exists in the group and have right to start applikation
2022/12/13 22:10:18 INFO Backupfolder exist
