2022/11/15 18:53:19 INFO Logged on user: VIAMONSTRA\administrator
2022/11/15 18:53:19 INFO VIAMONSTRA\administrator exists in the group and have right to start applikation
2022/11/15 18:53:19 INFO Backupfolder exist
2022/11/15 20:35:25 INFO XML-file for the application - CREATED
2022/11/15 20:35:25 INFO Logged on user: VIAMONSTRA\administrator
2022/11/15 20:35:25 INFO VIAMONSTRA\administrator exists in the group and have right to start applikation
2022/11/15 20:35:25 INFO Backupfolder exist
2022/11/15 20:36:48 INFO Cannot create PUST.XML because it already exists.
2022/11/15 20:36:48 INFO Logged on user: VIAMONSTRA\administrator
2022/11/15 20:36:48 INFO VIAMONSTRA\administrator exists in the group and have right to start applikation
2022/11/15 20:36:48 INFO Backupfolder exist
2022/11/15 20:54:33 INFO Cannot create PUST.XML because it already exists.
2022/11/15 20:54:33 INFO Logged on user: VIAMONSTRA\administrator
2022/11/15 20:54:33 INFO VIAMONSTRA\administrator exists in the group and have right to start applikation
2022/11/15 20:54:33 INFO Backupfolder exist
2022/11/15 21:06:11 INFO Cannot create PUST.XML because it already exists.
2022/11/15 21:06:11 INFO Logged on user: VIAMONSTRA\administrator
2022/11/15 21:06:11 INFO VIAMONSTRA\administrator exists in the group and have right to start applikation
2022/11/15 21:06:11 INFO Backupfolder exist
2022/11/15 21:56:42 INFO Cannot create PUST.XML because it already exists.
2022/11/15 21:56:42 INFO Logged on user: VIAMONSTRA\administrator
2022/11/15 21:56:42 INFO VIAMONSTRA\administrator exists in the group and have right to start applikation
2022/11/15 21:56:42 INFO Backupfolder exist
2022/11/15 21:58:39 INFO Cannot create PUST.XML because it already exists.
2022/11/15 21:58:39 INFO Logged on user: VIAMONSTRA\administrator
2022/11/15 21:58:39 INFO VIAMONSTRA\administrator exists in the group and have right to start applikation
2022/11/15 21:58:39 INFO Backupfolder exist
2022/11/15 22:00:17 INFO Cannot create PUST.XML because it already exists.
2022/11/15 22:00:17 INFO Logged on user: VIAMONSTRA\administrator
2022/11/15 22:00:17 INFO VIAMONSTRA\administrator exists in the group and have right to start applikation
2022/11/15 22:00:17 INFO Backupfolder exist
2022/11/15 22:05:32 INFO Cannot create PUST.XML because it already exists.
2022/11/15 22:05:32 INFO Logged on user: VIAMONSTRA\administrator
2022/11/15 22:05:32 INFO VIAMONSTRA\administrator exists in the group and have right to start applikation
2022/11/15 22:05:32 INFO Backupfolder exist
2022/11/15 22:08:47 INFO Cannot create PUST.XML because it already exists.
2022/11/15 22:08:47 INFO Logged on user: VIAMONSTRA\administrator
2022/11/15 22:08:47 INFO VIAMONSTRA\administrator exists in the group and have right to start applikation
2022/11/15 22:08:47 INFO Backupfolder exist
2022/11/16 07:11:32 INFO Cannot create PUST.XML because it already exists.
2022/11/16 07:11:32 INFO Logged on user: VIAMONSTRA\administrator
2022/11/16 07:11:32 INFO VIAMONSTRA\administrator exists in the group and have right to start applikation
2022/11/16 07:11:32 INFO Backupfolder exist
2022/11/17 12:56:37 INFO Cannot create PUST.XML because it already exists.
2022/11/17 12:56:37 INFO Logged on user: VIAMONSTRA\administrator
2022/11/17 12:56:37 INFO VIAMONSTRA\administrator exists in the group and have right to start applikation
2022/11/17 12:56:37 INFO Backupfolder exist
2022/11/17 12:59:11 INFO Cannot create PUST.XML because it already exists.
2022/11/17 12:59:11 INFO Logged on user: VIAMONSTRA\administrator
2022/11/17 12:59:11 INFO VIAMONSTRA\administrator exists in the group and have right to start applikation
2022/11/17 12:59:11 INFO Backupfolder exist
2022/11/17 13:02:56 INFO Cannot create PUST.XML because it already exists.
2022/11/17 13:02:56 INFO Logged on user: VIAMONSTRA\administrator
2022/11/17 13:02:56 INFO VIAMONSTRA\administrator exists in the group and have right to start applikation
2022/11/17 13:02:56 INFO Backupfolder exist
2022/11/17 14:04:08 INFO Cannot create PUST.XML because it already exists.
2022/11/17 14:04:08 INFO Logged on user: VIAMONSTRA\administrator
2022/11/17 14:04:08 INFO VIAMONSTRA\administrator exists in the group and have right to start applikation
2022/11/17 14:04:08 INFO Backupfolder exist
2022/11/21 22:46:22 INFO Cannot create PUST.XML because it already exists.
2022/11/21 22:46:22 INFO Logged on user: VIAMONSTRA\administrator
2022/11/21 22:46:22 INFO VIAMONSTRA\administrator exists in the group and have right to start applikation
2022/11/21 22:46:22 INFO Backupfolder exist
2022/12/05 22:56:01 INFO Cannot create PUST.XML because it already exists.
2022/12/05 22:56:01 INFO Logged on user: VIAMONSTRA\administrator
2022/12/05 22:56:01 INFO VIAMONSTRA\administrator exists in the group and have right to start applikation
2022/12/05 22:56:01 INFO Backupfolder exist
2022/12/05 23:48:59 INFO Cannot create PUST.XML because it already exists.
2022/12/05 23:48:59 INFO Logged on user: VIAMONSTRA\administrator
2022/12/05 23:48:59 INFO VIAMONSTRA\administrator exists in the group and have right to start applikation
2022/12/05 23:48:59 INFO Backupfolder exist
2022/12/05 23:49:23 INFO Cannot create PUST.XML because it already exists.
2022/12/05 23:49:23 INFO Logged on user: VIAMONSTRA\administrator
2022/12/05 23:49:23 INFO VIAMONSTRA\administrator exists in the group and have right to start applikation
2022/12/05 23:49:23 INFO Backupfolder exist
2022/12/05 23:53:14 INFO Cannot create PUST.XML because it already exists.
2022/12/05 23:53:14 INFO Logged on user: VIAMONSTRA\administrator
2022/12/05 23:53:15 INFO VIAMONSTRA\administrator exists in the group and have right to start applikation
2022/12/05 23:53:15 INFO Backupfolder exist
2022/12/05 23:56:43 INFO Cannot create PUST.XML because it already exists.
2022/12/05 23:56:43 INFO Logged on user: VIAMONSTRA\administrator
2022/12/05 23:56:43 INFO VIAMONSTRA\administrator exists in the group and have right to start applikation
2022/12/05 23:56:43 INFO Backupfolder exist
2022/12/06 00:01:14 INFO Cannot create PUST.XML because it already exists.
2022/12/06 00:01:14 INFO Logged on user: VIAMONSTRA\administrator
2022/12/06 00:01:14 INFO VIAMONSTRA\administrator exists in the group and have right to start applikation
2022/12/06 00:01:14 INFO Backupfolder exist
2022/12/07 07:08:52 INFO Cannot create PUST.XML because it already exists.
2022/12/07 07:08:52 INFO Logged on user: VIAMONSTRA\administrator
2022/12/07 07:08:52 INFO VIAMONSTRA\administrator exists in the group and have right to start applikation
2022/12/07 07:08:52 INFO Backupfolder exist
2022/12/07 07:09:08 INFO Cannot create PUST.XML because it already exists.
2022/12/07 07:09:08 INFO Logged on user: VIAMONSTRA\administrator
2022/12/07 07:09:08 INFO VIAMONSTRA\administrator exists in the group and have right to start applikation
2022/12/07 07:09:08 INFO Backupfolder exist
2022/12/08 13:23:22 INFO Cannot create PUST.XML because it already exists.
2022/12/08 13:23:22 INFO Logged on user: VIAMONSTRA\administrator
2022/12/08 13:23:22 INFO VIAMONSTRA\administrator exists in the group and have right to start applikation
2022/12/08 13:23:22 INFO Backupfolder exist
2022/12/08 13:23:38 INFO Cannot create PUST.XML because it already exists.
2022/12/08 13:23:38 INFO Logged on user: VIAMONSTRA\administrator
2022/12/08 13:23:38 INFO VIAMONSTRA\administrator exists in the group and have right to start applikation
2022/12/08 13:23:38 INFO Backupfolder exist
2022/12/13 20:33:55 INFO Cannot create PUST.XML because it already exists.
2022/12/13 20:33:55 INFO Logged on user: VIAMONSTRA\administrator
2022/12/13 20:33:55 INFO VIAMONSTRA\administrator exists in the group and have right to start applikation
2022/12/13 20:33:55 INFO Backupfolder exist
2022/12/13 20:45:45 INFO Cannot create PUST.XML because it already exists.
2022/12/13 20:45:45 INFO Logged on user: VIAMONSTRA\administrator
2022/12/13 20:45:45 INFO VIAMONSTRA\administrator exists in the group and have right to start applikation
2022/12/13 20:45:45 INFO Backupfolder exist
2022/12/13 20:54:40 INFO Cannot create PUST.XML because it already exists.
2022/12/13 20:54:40 INFO Logged on user: VIAMONSTRA\administrator
2022/12/13 20:54:40 INFO VIAMONSTRA\administrator exists in the group and have right to start applikation
2022/12/13 20:54:40 INFO Backupfolder exist
2022/12/13 21:07:55 INFO Cannot create PUST.XML because it already exists.
2022/12/13 21:07:55 INFO Logged on user: VIAMONSTRA\administrator
2022/12/13 21:07:55 INFO VIAMONSTRA\administrator exists in the group and have right to start applikation
2022/12/13 21:07:55 INFO Backupfolder exist
2022/12/24 12:30:21 INFO Cannot create PUST.XML because it already exists.
2022/12/24 12:30:21 INFO Logged on user: VIAMONSTRA\administrator
2022/12/24 12:30:21 INFO VIAMONSTRA\administrator exists in the group and have right to start applikation
2022/12/24 12:30:21 INFO Backupfolder exist
2022/12/27 17:57:06 INFO Cannot create PUST.XML because it already exists.
2022/12/27 17:57:06 INFO Logged on user: VIAMONSTRA\administrator
2022/12/27 17:57:06 INFO VIAMONSTRA\administrator exists in the group and have right to start applikation
2022/12/27 17:57:06 INFO Backupfolder exist
2023/01/17 11:38:29 INFO Cannot create PUST.XML because it already exists.
2023/01/17 11:38:29 INFO Logged on user: VIAMONSTRA\administrator
2023/01/17 11:38:29 INFO VIAMONSTRA\administrator exists in the group and have right to start applikation
2023/01/17 11:38:29 INFO Backupfolder exist
2023/01/17 11:38:35 INFO Configurationfile updated
2023/01/17 11:40:31 INFO Cannot create PUST.XML because it already exists.
2023/01/17 11:40:31 INFO Logged on user: VIAMONSTRA\administrator
2023/01/17 11:40:31 INFO VIAMONSTRA\administrator exists in the group and have right to start applikation
2023/01/17 11:40:31 INFO Backupfolder exist
2023/01/17 11:40:41 INFO Configurationfile updated
2023/01/20 13:28:28 INFO Cannot create PUST.XML because it already exists.
2023/01/20 13:28:28 INFO Logged on user: VIAMONSTRA\administrator
2023/01/20 13:28:28 INFO VIAMONSTRA\administrator exists in the group and have right to start applikation
2023/01/20 13:28:28 INFO Backupfolder exist
2023/01/24 21:49:11 INFO Cannot create PUST.XML because it already exists.
2023/01/24 21:49:11 INFO Logged on user: VIAMONSTRA\administrator
2023/01/24 21:49:11 INFO VIAMONSTRA\administrator exists in the group and have right to start applikation
2023/01/24 21:49:11 INFO Backupfolder exist
2023/01/24 21:55:41 INFO Cannot create PUST.XML because it already exists.
2023/01/24 21:55:41 INFO Logged on user: VIAMONSTRA\administrator
2023/01/24 21:55:41 INFO VIAMONSTRA\administrator exists in the group and have right to start applikation
2023/01/24 21:55:41 INFO Backupfolder exist
2023/01/24 21:55:46 INFO Configurationfile updated
2023/01/24 21:55:51 INFO Cannot create PUST.XML because it already exists.
2023/01/24 21:55:51 INFO Logged on user: VIAMONSTRA\administrator
2023/01/24 21:55:51 INFO VIAMONSTRA\administrator exists in the group and have right to start applikation
2023/01/24 21:55:51 INFO Backupfolder exist
2023/01/24 21:56:29 INFO XML-file for the application - CREATED
2023/01/24 21:56:29 INFO Logged on user: VIAMONSTRA\administrator
2023/01/24 21:56:29 INFO VIAMONSTRA\administrator exists in the group and have right to start applikation
2023/01/24 21:56:29 INFO Backupfolder exist
2023/01/24 21:58:06 INFO Cannot create PUST.XML because it already exists.
2023/01/24 21:58:07 INFO Logged on user: VIAMONSTRA\administrator
2023/01/24 21:58:07 INFO VIAMONSTRA\administrator exists in the group and have right to start applikation
2023/01/24 21:58:07 INFO Backupfolder exist
2023/01/24 21:58:50 INFO Cannot create PUST.XML because it already exists.
2023/01/24 21:58:50 INFO Logged on user: VIAMONSTRA\administrator
2023/01/24 21:58:50 INFO VIAMONSTRA\administrator exists in the group and have right to start applikation
2023/01/24 21:58:50 INFO Backupfolder exist
2023/01/24 21:59:02 INFO Cannot create PUST.XML because it already exists.
2023/01/24 21:59:02 INFO Logged on user: VIAMONSTRA\administrator
2023/01/24 21:59:02 INFO VIAMONSTRA\administrator exists in the group and have right to start applikation
2023/01/24 21:59:02 INFO Backupfolder exist
2023/01/25 08:57:45 INFO Cannot create PUST.XML because it already exists.
2023/01/25 08:57:45 INFO Logged on user: VIAMONSTRA\administrator
2023/01/25 08:57:45 INFO VIAMONSTRA\administrator exists in the group and have right to start applikation
2023/01/25 08:57:45 INFO Backupfolder exist
2023/01/25 10:05:41 INFO Cannot create PUST.XML because it already exists.
2023/01/25 10:05:41 INFO Logged on user: VIAMONSTRA\administrator
2023/01/25 10:05:41 INFO VIAMONSTRA\administrator exists in the group and have right to start applikation
2023/01/25 10:05:41 INFO Backupfolder exist
2023/01/25 10:05:55 INFO Cannot create PUST.XML because it already exists.
2023/01/25 10:05:55 INFO Logged on user: VIAMONSTRA\administrator
2023/01/25 10:05:55 INFO VIAMONSTRA\administrator exists in the group and have right to start applikation
2023/01/25 10:05:55 INFO Backupfolder exist
2023/01/25 10:36:52 INFO Cannot create PUST.XML because it already exists.
2023/01/25 10:36:52 INFO Logged on user: VIAMONSTRA\administrator
2023/01/25 10:36:52 INFO VIAMONSTRA\administrator exists in the group and have right to start applikation
2023/01/25 10:36:52 INFO Backupfolder exist
2023/01/25 10:37:03 INFO Configurationfile updated
2023/01/25 10:37:11 INFO Configurationfile updated
2023/01/25 10:41:37 INFO Cannot create PUST.XML because it already exists.
2023/01/25 10:41:37 INFO Logged on user: VIAMONSTRA\administrator
2023/01/25 10:41:37 INFO VIAMONSTRA\administrator exists in the group and have right to start applikation
2023/01/25 10:41:37 INFO Backupfolder exist
2023/01/25 10:41:45 INFO Configurationfile updated
2023/01/25 10:41:55 INFO Configurationfile updated
2023/01/25 11:26:10 INFO Cannot create PUST.XML because it already exists.
2023/01/25 11:26:10 INFO Logged on user: VIAMONSTRA\administrator
2023/01/25 11:26:10 INFO VIAMONSTRA\administrator exists in the group and have right to start applikation
2023/01/25 11:26:10 INFO Backupfolder exist
2023/01/25 11:28:22 INFO Cannot create PUST.XML because it already exists.
2023/01/25 11:28:22 INFO Logged on user: VIAMONSTRA\administrator
2023/01/25 11:28:22 INFO VIAMONSTRA\administrator exists in the group and have right to start applikation
2023/01/25 11:28:22 INFO Backupfolder exist
2023/01/25 12:07:13 INFO Cannot create PUST.XML because it already exists.
2023/01/25 12:07:13 INFO Logged on user: VIAMONSTRA\administrator
2023/01/25 12:07:13 INFO VIAMONSTRA\administrator exists in the group and have right to start applikation
2023/01/25 12:07:13 INFO Backupfolder exist
2023/01/25 12:19:54 INFO Cannot create PUST.XML because it already exists.
2023/01/25 12:19:54 INFO Logged on user: VIAMONSTRA\administrator
2023/01/25 12:19:54 INFO VIAMONSTRA\administrator exists in the group and have right to start applikation
2023/01/25 12:19:54 INFO Backupfolder exist
2023/01/25 12:22:57 INFO Cannot create PUST.XML because it already exists.
2023/01/25 12:22:57 INFO Logged on user: VIAMONSTRA\administrator
2023/01/25 12:22:57 INFO VIAMONSTRA\administrator exists in the group and have right to start applikation
2023/01/25 12:22:57 INFO Backupfolder exist
2023/01/25 12:25:18 INFO Cannot create PUST.XML because it already exists.
2023/01/25 12:25:18 INFO Logged on user: VIAMONSTRA\administrator
2023/01/25 12:25:18 INFO VIAMONSTRA\administrator exists in the group and have right to start applikation
2023/01/25 12:25:18 INFO Backupfolder exist
2023/01/25 12:31:45 INFO Cannot create PUST.XML because it already exists.
2023/01/25 12:31:45 INFO Logged on user: VIAMONSTRA\administrator
2023/01/25 12:31:45 INFO VIAMONSTRA\administrator exists in the group and have right to start applikation
2023/01/25 12:31:45 INFO Backupfolder exist
2023/01/25 12:34:06 INFO Cannot create PUST.XML because it already exists.
2023/01/25 12:34:06 INFO Logged on user: VIAMONSTRA\administrator
2023/01/25 12:34:06 INFO VIAMONSTRA\administrator exists in the group and have right to start applikation
2023/01/25 12:34:06 INFO Backupfolder exist
2023/01/25 12:42:07 INFO Cannot create PUST.XML because it already exists.
2023/01/25 12:42:07 INFO Logged on user: VIAMONSTRA\administrator
2023/01/25 12:42:07 INFO VIAMONSTRA\administrator exists in the group and have right to start applikation
2023/01/25 12:42:07 INFO Backupfolder exist
2023/01/25 20:22:53 INFO Cannot create PUST.XML because it already exists.
2023/01/25 20:22:53 INFO Logged on user: VIAMONSTRA\administrator
2023/01/25 20:22:53 INFO VIAMONSTRA\administrator exists in the group and have right to start applikation
2023/01/25 20:22:53 INFO Backupfolder exist
2023/01/25 20:30:14 INFO Cannot create PUST.XML because it already exists.
2023/01/25 20:30:14 INFO Logged on user: VIAMONSTRA\administrator
2023/01/25 20:30:14 INFO VIAMONSTRA\administrator exists in the group and have right to start applikation
2023/01/25 20:30:14 INFO Backupfolder exist
2023/01/25 20:36:49 INFO Cannot create PUST.XML because it already exists.
2023/01/25 20:36:49 INFO Logged on user: VIAMONSTRA\administrator
2023/01/25 20:36:49 INFO VIAMONSTRA\administrator exists in the group and have right to start applikation
2023/01/25 20:36:49 INFO Backupfolder exist
2023/01/25 20:45:45 INFO Cannot create PUST.XML because it already exists.
2023/01/25 20:45:45 INFO Logged on user: VIAMONSTRA\administrator
2023/01/25 20:45:45 INFO VIAMONSTRA\administrator exists in the group and have right to start applikation
2023/01/25 20:45:45 INFO Backupfolder exist
2023/02/03 14:28:07 INFO Cannot create PUST.XML because it already exists.
2023/02/03 14:28:07 INFO Logged on user: VIAMONSTRA\administrator
2023/02/03 14:28:07 INFO VIAMONSTRA\administrator exists in the group and have right to start applikation
2023/02/03 14:28:07 INFO Backupfolder exist
2023/02/17 09:49:15 INFO Cannot create PUST.XML because it already exists.
2023/02/17 09:49:15 INFO Logged on user: VIAMONSTRA\administrator
2023/02/17 09:49:15 INFO VIAMONSTRA\administrator exists in the group and have right to start applikation
2023/02/17 09:49:15 INFO Backupfolder exist
2023/02/17 09:50:46 INFO Cannot create PUST.XML because it already exists.
2023/02/17 09:50:46 INFO Logged on user: VIAMONSTRA\administrator
2023/02/17 09:50:46 INFO VIAMONSTRA\administrator exists in the group and have right to start applikation
2023/02/17 09:50:46 INFO Backupfolder exist
2023/02/17 09:52:09 INFO Cannot create PUST.XML because it already exists.
2023/02/17 09:52:09 INFO Logged on user: VIAMONSTRA\administrator
2023/02/17 09:52:09 INFO VIAMONSTRA\administrator exists in the group and have right to start applikation
2023/02/17 09:52:09 INFO Backupfolder exist
2023/02/17 09:52:19 INFO Cannot create PUST.XML because it already exists.
2023/02/17 09:52:19 INFO Logged on user: VIAMONSTRA\administrator
2023/02/17 09:52:19 INFO VIAMONSTRA\administrator exists in the group and have right to start applikation
2023/02/17 09:52:19 INFO Backupfolder exist
2023/02/17 09:52:32 INFO Cannot create PUST.XML because it already exists.
2023/02/17 09:52:32 INFO Logged on user: VIAMONSTRA\administrator
2023/02/17 09:52:32 INFO VIAMONSTRA\administrator exists in the group and have right to start applikation
2023/02/17 09:52:32 INFO Backupfolder exist
2023/02/17 09:55:54 INFO Cannot create PUST.XML because it already exists.
2023/02/17 09:55:54 INFO Logged on user: VIAMONSTRA\administrator
2023/02/17 09:55:54 INFO VIAMONSTRA\administrator exists in the group and have right to start applikation
2023/02/17 09:55:54 INFO Backupfolder exist
2023/02/17 10:37:53 INFO Cannot create PUST.XML because it already exists.
2023/02/17 10:37:53 INFO Logged on user: VIAMONSTRA\administrator
2023/02/17 10:37:53 INFO VIAMONSTRA\administrator exists in the group and have right to start applikation
2023/02/17 10:37:53 INFO Backupfolder exist
2023/02/17 10:55:03 INFO Cannot create PUST.XML because it already exists.
2023/02/17 10:55:03 INFO Logged on user: VIAMONSTRA\administrator
2023/02/17 10:55:03 INFO VIAMONSTRA\administrator exists in the group and have right to start applikation
2023/02/17 10:55:03 INFO Backupfolder exist
2023/02/17 10:56:39 INFO Cannot create PUST.XML because it already exists.
2023/02/17 10:56:39 INFO Logged on user: VIAMONSTRA\administrator
2023/02/17 10:56:39 INFO VIAMONSTRA\administrator exists in the group and have right to start applikation
2023/02/17 10:56:39 INFO Backupfolder exist
2023/02/17 11:30:37 INFO Cannot create PUST.XML because it already exists.
2023/02/17 11:30:37 INFO Logged on user: VIAMONSTRA\administrator
2023/02/17 11:30:37 INFO VIAMONSTRA\administrator exists in the group and have right to start applikation
2023/02/17 11:30:37 INFO Backupfolder exist
2023/02/17 11:30:48 INFO Cannot create PUST.XML because it already exists.
2023/02/17 11:30:48 INFO Logged on user: VIAMONSTRA\administrator
2023/02/17 11:30:48 INFO VIAMONSTRA\administrator exists in the group and have right to start applikation
2023/02/17 11:30:48 INFO Backupfolder exist
2023/02/17 11:31:58 INFO Cannot create PUST.XML because it already exists.
2023/02/17 11:31:58 INFO Logged on user: VIAMONSTRA\administrator
2023/02/17 11:31:58 INFO VIAMONSTRA\administrator exists in the group and have right to start applikation
2023/02/17 11:31:58 INFO Backupfolder exist
2023/02/17 11:33:03 INFO Cannot create PUST.XML because it already exists.
2023/02/17 11:33:04 INFO Logged on user: VIAMONSTRA\administrator
2023/02/17 11:33:04 INFO VIAMONSTRA\administrator exists in the group and have right to start applikation
2023/02/17 11:33:04 INFO Backupfolder exist
2023/02/17 11:39:38 INFO Cannot create PUST.XML because it already exists.
2023/02/17 11:39:38 INFO Logged on user: VIAMONSTRA\administrator
2023/02/17 11:39:38 INFO VIAMONSTRA\administrator exists in the group and have right to start applikation
2023/02/17 11:39:38 INFO Backupfolder exist
2023/02/17 11:40:14 INFO Cannot create PUST.XML because it already exists.
2023/02/17 11:40:14 INFO Logged on user: VIAMONSTRA\administrator
2023/02/17 11:40:14 INFO VIAMONSTRA\administrator exists in the group and have right to start applikation
2023/02/17 11:40:14 INFO Backupfolder exist
2023/02/21 19:46:21 INFO Cannot create PUST.XML because it already exists.
2023/02/21 19:46:21 INFO Logged on user: VIAMONSTRA\administrator
2023/02/21 19:46:21 INFO VIAMONSTRA\administrator exists in the group and have right to start applikation
2023/02/21 19:46:21 INFO Backupfolder exist
2023/02/21 20:16:51 INFO Cannot create PUST.XML because it already exists.
2023/02/21 20:16:51 INFO Logged on user: VIAMONSTRA\administrator
2023/02/21 20:16:51 INFO VIAMONSTRA\administrator exists in the group and have right to start applikation
2023/02/21 20:16:52 INFO Backupfolder exist
2023/02/21 21:02:52 INFO Cannot create PUST.XML because it already exists.
2023/02/21 21:02:52 INFO Logged on user: VIAMONSTRA\administrator
2023/02/21 21:02:52 INFO VIAMONSTRA\administrator exists in the group and have right to start applikation
2023/02/21 21:02:52 INFO Backupfolder exist
2023/02/21 21:02:59 INFO Creete folder d:\Visma\install\backup\20230221 
